Sample/Temp/gradleOut/launcher/build/outputs/logs/manifest-merger-release-report.txt
-- Merging decision tree log ---
manifest
ADDED from src\main\AndroidManifest.xml:3:1-10:12
INJECTED from src\main\AndroidManifest.xml:3:1-10:12
INJECTED from src\main\AndroidManifest.xml:3:1-10:12
INJECTED from src\main\AndroidManifest.xml:3:1-10:12
MERGED from [:unityLibrary] AndroidManifest.xml:2:1-90:12
MERGED from [:IngameDebugConsole:] AndroidManifest.xml:2:1-5:12
INJECTED from src\main\AndroidManifest.xml:3:1-10:12
INJECTED from src\main\AndroidManifest.xml:3:1-10:12
INJECTED from src\main\AndroidManifest.xml:3:1-10:12
	package
		ADDED from src\main\AndroidManifest.xml:3:70-108
		INJECTED from src\main\AndroidManifest.xml
		INJECTED from src\main\AndroidManifest.xml
	android:versionName
		INJECTED from src\main\AndroidManifest.xml
		ADDED from src\main\AndroidManifest.xml:3:1-10:12
		INJECTED from src\main\AndroidManifest.xml
	xmlns:tools
		ADDED from src\main\AndroidManifest.xml:3:109-155
	android:versionCode
		INJECTED from src\main\AndroidManifest.xml
		ADDED from src\main\AndroidManifest.xml:3:1-10:12
		INJECTED from src\main\AndroidManifest.xml
	xmlns:android
		ADDED from src\main\AndroidManifest.xml:3:11-69
	android:installLocation
		ADDED from src\main\AndroidManifest.xml:3:156-196
supports-screens
ADDED from src\main\AndroidManifest.xml:4:3-163
MERGED from [:unityLibrary] AndroidManifest.xml:12:5-17:40
MERGED from [:unityLibrary] AndroidManifest.xml:12:5-17:40
	android:largeScreens
		ADDED from src\main\AndroidManifest.xml:4:78-105
	android:smallScreens
		ADDED from src\main\AndroidManifest.xml:4:21-48
	android:normalScreens
		ADDED from src\main\AndroidManifest.xml:4:49-77
	android:xlargeScreens
		ADDED from src\main\AndroidManifest.xml:4:106-134
	android:anyDensity
		ADDED from src\main\AndroidManifest.xml:4:135-160
application
ADDED from src\main\AndroidManifest.xml:5:3-7:17
MERGED from [:unityLibrary] AndroidManifest.xml:38:5-88:19
MERGED from [:unityLibrary] AndroidManifest.xml:38:5-88:19
	android:label
		ADDED from src\main\AndroidManifest.xml:5:16-48
	android:debuggable
		ADDED from [:unityLibrary] AndroidManifest.xml:39:9-34
	android:icon
		ADDED from src\main\AndroidManifest.xml:5:49-80
meta-data#unity.builder
ADDED from src\main\AndroidManifest.xml:6:5-79
	android:value
		ADDED from src\main\AndroidManifest.xml:6:45-76
	android:name
		ADDED from src\main\AndroidManifest.xml:6:16-44
uses-permission#android.permission.ACCESS_NETWORK_STATE
ADDED from src\main\AndroidManifest.xml:8:3-77
	android:name
		ADDED from src\main\AndroidManifest.xml:8:20-74
uses-permission#android.permission.INTERNET
ADDED from src\main\AndroidManifest.xml:9:3-65
MERGED from [:unityLibrary] AndroidManifest.xml:21:5-67
MERGED from [:unityLibrary] AndroidManifest.xml:21:5-67
	android:name
		ADDED from src\main\AndroidManifest.xml:9:20-62
uses-sdk
INJECTED from src\main\AndroidManifest.xml reason: use-sdk injection requested
INJECTED from src\main\AndroidManifest.xml
INJECTED from src\main\AndroidManifest.xml
MERGED from [:unityLibrary] AndroidManifest.xml:8:5-10:41
MERGED from [:unityLibrary] AndroidManifest.xml:8:5-10:41
MERGED from [:IngameDebugConsole:] AndroidManifest.xml:3:2-43
MERGED from [:IngameDebugConsole:] AndroidManifest.xml:3:2-43
INJECTED from src\main\AndroidManifest.xml
INJECTED from src\main\AndroidManifest.xml
	android:targetSdkVersion
		INJECTED from src\main\AndroidManifest.xml
		ADDED from src\main\AndroidManifest.xml
		INJECTED from src\main\AndroidManifest.xml
	android:minSdkVersion
		INJECTED from src\main\AndroidManifest.xml
		ADDED from src\main\AndroidManifest.xml
		MERGED from src\main\AndroidManifest.xml
		INJECTED from src\main\AndroidManifest.xml
uses-permission#android.permission.CAMERA
ADDED from [:unityLibrary] AndroidManifest.xml:19:5-65
	android:name
		ADDED from [:unityLibrary] AndroidManifest.xml:19:22-62
uses-permission#android.permission.WRITE_EXTERNAL_STORAGE
ADDED from [:unityLibrary] AndroidManifest.xml:20:5-81
	android:name
		ADDED from [:unityLibrary] AndroidManifest.xml:20:22-78
uses-permission#android.permission.RECORD_AUDIO
ADDED from [:unityLibrary] AndroidManifest.xml:22:5-71
	android:name
		ADDED from [:unityLibrary] AndroidManifest.xml:22:22-68
uses-feature#0x00030000
ADDED from [:unityLibrary] AndroidManifest.xml:24:5-54
	android:glEsVersion
		ADDED from [:unityLibrary] AndroidManifest.xml:24:19-51
uses-feature#android.hardware.vulkan.version
ADDED from [:unityLibrary] AndroidManifest.xml:25:5-27:36
	android:required
		ADDED from [:unityLibrary] AndroidManifest.xml:27:9-33
	android:name
		ADDED from [:unityLibrary] AndroidManifest.xml:26:9-55
uses-feature#android.hardware.touchscreen
ADDED from [:unityLibrary] AndroidManifest.xml:28:5-30:36
	android:required
		ADDED from [:unityLibrary] AndroidManifest.xml:30:9-33
	android:name
		ADDED from [:unityLibrary] AndroidManifest.xml:29:9-52
uses-feature#android.hardware.touchscreen.multitouch
ADDED from [:unityLibrary] AndroidManifest.xml:31:5-33:36
	android:required
		ADDED from [:unityLibrary] AndroidManifest.xml:33:9-33
	android:name
		ADDED from [:unityLibrary] AndroidManifest.xml:32:9-63
uses-feature#android.hardware.touchscreen.multitouch.distinct
ADDED from [:unityLibrary] AndroidManifest.xml:34:5-36:36
	android:required
		ADDED from [:unityLibrary] AndroidManifest.xml:36:9-33
	android:name
		ADDED from [:unityLibrary] AndroidManifest.xml:35:9-72
activity#com.unity3d.player.UnityPlayerActivity
ADDED from [:unityLibrary] AndroidManifest.xml:42:9-58:20
	android:screenOrientation
		ADDED from [:unityLibrary] AndroidManifest.xml:48:13-51
	android:label
		ADDED from [:unityLibrary] AndroidManifest.xml:46:13-45
	android:launchMode
		ADDED from [:unityLibrary] AndroidManifest.xml:47:13-44
	android:hardwareAccelerated
		ADDED from [:unityLibrary] AndroidManifest.xml:45:13-48
	android:configChanges
		ADDED from [:unityLibrary] AndroidManifest.xml:44:13-194
	android:name
		ADDED from [:unityLibrary] AndroidManifest.xml:43:13-66
intent-filter#action:name:android.intent.action.MAIN+category:name:android.intent.category.LAUNCHER
ADDED from [:unityLibrary] AndroidManifest.xml:49:13-53:29
action#android.intent.action.MAIN
ADDED from [:unityLibrary] AndroidManifest.xml:50:17-69
	android:name
		ADDED from [:unityLibrary] AndroidManifest.xml:50:25-66
category#android.intent.category.LAUNCHER
ADDED from [:unityLibrary] AndroidManifest.xml:52:17-77
	android:name
		ADDED from [:unityLibrary] AndroidManifest.xml:52:27-74
meta-data#android.notch_support
ADDED from [:unityLibrary] AndroidManifest.xml:55:13-57:40
	android:value
		ADDED from [:unityLibrary] AndroidManifest.xml:57:17-37
	android:name
		ADDED from [:unityLibrary] AndroidManifest.xml:56:17-53
activity#com.google.ar.core.InstallActivity
ADDED from [:unityLibrary] AndroidManifest.xml:59:9-65:80
	android:excludeFromRecents
		ADDED from [:unityLibrary] AndroidManifest.xml:62:13-46
	android:launchMode
		ADDED from [:unityLibrary] AndroidManifest.xml:64:13-43
	android:exported
		ADDED from [:unityLibrary] AndroidManifest.xml:63:13-37
	android:configChanges
		ADDED from [:unityLibrary] AndroidManifest.xml:61:13-74
	android:theme
		ADDED from [:unityLibrary] AndroidManifest.xml:65:13-77
	android:name
		ADDED from [:unityLibrary] AndroidManifest.xml:60:13-62
meta-data#unityplayer.SkipPermissionsDialog
ADDED from [:unityLibrary] AndroidManifest.xml:67:9-69:36
	android:value
		ADDED from [:unityLibrary] AndroidManifest.xml:69:13-33
	android:name
		ADDED from [:unityLibrary] AndroidManifest.xml:68:13-61
meta-data#com.google.ar.core
ADDED from [:unityLibrary] AndroidManifest.xml:70:9-72:40
	android:value
		ADDED from [:unityLibrary] AndroidManifest.xml:72:13-37
	android:name
		ADDED from [:unityLibrary] AndroidManifest.xml:71:13-46
meta-data#com.google.ar.core.min_apk_version
ADDED from [:unityLibrary] AndroidManifest.xml:73:9-75:41
	android:value
		ADDED from [:unityLibrary] AndroidManifest.xml:75:13-38
	android:name
		ADDED from [:unityLibrary] AndroidManifest.xml:74:13-62
meta-data#unity.splash-mode
ADDED from [:unityLibrary] AndroidManifest.xml:76:9-78:33
	android:value
		ADDED from [:unityLibrary] AndroidManifest.xml:78:13-30
	android:name
		ADDED from [:unityLibrary] AndroidManifest.xml:77:13-45
meta-data#unity.splash-enable
ADDED from [:unityLibrary] AndroidManifest.xml:79:9-81:36
	android:value
		ADDED from [:unityLibrary] AndroidManifest.xml:81:13-33
	android:name
		ADDED from [:unityLibrary] AndroidManifest.xml:80:13-47
meta-data#notch.config
ADDED from [:unityLibrary] AndroidManifest.xml:82:9-84:50
	android:value
		ADDED from [:unityLibrary] AndroidManifest.xml:84:13-47
	android:name
		ADDED from [:unityLibrary] AndroidManifest.xml:83:13-40
meta-data#unity.build-id
ADDED from [:unityLibrary] AndroidManifest.xml:85:9-87:68
	android:value
		ADDED from [:unityLibrary] AndroidManifest.xml:87:13-65
	android:name
		ADDED from [:unityLibrary] AndroidManifest.xml:86:13-42
uses-permission#android.permission.READ_LOGS
ADDED from [:IngameDebugConsole:] AndroidManifest.xml:4:5-68
	android:name
		ADDED from [:IngameDebugConsole:] AndroidManifest.xml:4:22-65